<?xml version="1.0" encoding="UTF-8"?>
<!-- Generated by org.testng.reporters.JUnitXMLReporter -->
<testsuite hostname="Kalyani" ignored="2" name="Default test" tests="1" failures="0" timestamp="26 May 2021 07:41:57 GMT" time="0.091" errors="0">
  <testcase name="verifyColorsNames" time="0.075" classname="com.bees.testcases.TincupTest"/>
  <testcase name="verifyDatasheet" time="0.0" classname="com.bees.testcases.TincupTest">
    <ignored/>
  </testcase> <!-- verifyDatasheet -->
  <testcase name="verifyTincupBackGroundColors" time="0.0" classname="com.bees.testcases.TincupTest">
    <ignored/>
  </testcase> <!-- verifyTincupBackGroundColors -->
</testsuite> <!-- Default test -->
