<?xml version="1.0" encoding="UTF-8"?>
<testng-results skipped="0" failed="0" ignored="2" total="3" passed="1">
  <reporter-output>
  </reporter-output>
  <suite name="Default suite" duration-ms="91" started-at="2021-05-26T07:41:57Z" finished-at="2021-05-26T07:41:57Z">
    <groups>
    </groups>
    <test name="Default test" duration-ms="91" started-at="2021-05-26T07:41:57Z" finished-at="2021-05-26T07:41:57Z">
      <class name="com.bees.testcases.TincupTest">
        <test-method status="PASS" signature="setUp()[pri:0, instance:com.bees.testcases.TincupTest@1f28c152]" name="setUp" is-config="true" duration-ms="5440" started-at="2021-05-26T13:11:52Z" finished-at="2021-05-26T13:11:57Z">
          <reporter-output>
          </reporter-output>
        </test-method> <!-- setUp -->
        <test-method status="PASS" signature="verifyColorsNames()[pri:0, instance:com.bees.testcases.TincupTest@1f28c152]" name="verifyColorsNames" duration-ms="75" started-at="2021-05-26T13:11:57Z" finished-at="2021-05-26T13:11:57Z">
          <reporter-output>
          </reporter-output>
        </test-method> <!-- verifyColorsNames -->
        <test-method status="PASS" signature="tearDown()[pri:0, instance:com.bees.testcases.TincupTest@1f28c152]" name="tearDown" is-config="true" duration-ms="713" started-at="2021-05-26T13:11:57Z" finished-at="2021-05-26T13:11:58Z">
          <reporter-output>
          </reporter-output>
        </test-method> <!-- tearDown -->
      </class> <!-- com.bees.testcases.TincupTest -->
    </test> <!-- Default test -->
  </suite> <!-- Default suite -->
</testng-results>
